<?xml version="1.0" encoding="UTF-8"?>
<testng-results ignored="0" total="1" passed="1" failed="0" skipped="0">
  <reporter-output>
  </reporter-output>
  <suite started-at="2025-05-14T13:02:01Z" name="Default suite" finished-at="2025-05-14T13:02:39Z" duration-ms="38384">
    <groups>
    </groups>
    <test started-at="2025-05-14T13:02:01Z" name="Default test" finished-at="2025-05-14T13:02:39Z" duration-ms="38384">
      <class name="M2P_Tasks.HandleAlert">
        <test-method is-config="true" signature="setUp()[pri:0, instance:M2P_Tasks.HandleAlert@533bda92]" started-at="2025-05-14T18:32:01Z" name="setUp" finished-at="2025-05-14T18:32:34Z" duration-ms="32891" status="PASS">
          <reporter-output>
          </reporter-output>
        </test-method> <!-- setUp -->
        <test-method signature="handleAlert()[pri:0, instance:M2P_Tasks.HandleAlert@533bda92]" started-at="2025-05-14T18:32:34Z" name="handleAlert" finished-at="2025-05-14T18:32:34Z" duration-ms="208" status="PASS">
          <reporter-output>
          </reporter-output>
        </test-method> <!-- handleAlert -->
        <test-method is-config="true" signature="tearDown()[pri:0, instance:M2P_Tasks.HandleAlert@533bda92]" started-at="2025-05-14T18:32:34Z" name="tearDown" finished-at="2025-05-14T18:32:39Z" duration-ms="5267" status="PASS">
          <reporter-output>
          </reporter-output>
        </test-method> <!-- tearDown -->
      </class> <!-- M2P_Tasks.HandleAlert -->
    </test> <!-- Default test -->
  </suite> <!-- Default suite -->
</testng-results>
